"2022-08-17 16:38:49 - Starting RawAdminPortalApplication using Java 1.8.0_202 on KNATRINV053 with PID 24640 (C:\Users\krishna\git\adminPortal\target\classes started by krishna in C:\Users\krishna\git\adminPortal)
""2022-08-17 16:38:49 - The following 1 profile is active: "@spring.profiles.active@"
""2022-08-17 16:38:49 - The Class-Path manifest attribute in C:\Users\krishna\.m2\repository\com\oracle\database\jdbc\ojdbc8\21.3.0.0\ojdbc8-21.3.0.0.jar referenced one or more files that do not exist: file:/C:/Users/krishna/.m2/repository/com/oracle/database/jdbc/ojdbc8/21.3.0.0/oraclepki.jar
""2022-08-17 16:38:49 - Devtools property defaults active! Set 'spring.devtools.add-properties' to 'false' to disable
""2022-08-17 16:38:49 - Bootstrapping Spring Data JPA repositories in DEFAULT mode.
""2022-08-17 16:38:49 - Finished Spring Data repository scanning in 32 ms. Found 3 JPA repository interfaces.
""2022-08-17 16:38:49 - Bootstrapping Spring Data JPA repositories in DEFAULT mode.
""2022-08-17 16:38:49 - Finished Spring Data repository scanning in 5 ms. Found 2 JPA repository interfaces.
""2022-08-17 16:38:50 - Post-processing PropertySource instances
""2022-08-17 16:38:50 - Converting PropertySource configurationProperties [org.springframework.boot.context.properties.source.ConfigurationPropertySourcesPropertySource] to AOP Proxy
""2022-08-17 16:38:50 - Converting PropertySource servletConfigInitParams [org.springframework.core.env.PropertySource$StubPropertySource] to EncryptablePropertySourceWrapper
""2022-08-17 16:38:50 - Converting PropertySource servletContextInitParams [org.springframework.core.env.PropertySource$StubPropertySource] to EncryptablePropertySourceWrapper
""2022-08-17 16:38:50 - Converting PropertySource systemProperties [org.springframework.core.env.PropertiesPropertySource] to EncryptableMapPropertySourceWrapper
""2022-08-17 16:38:50 - Converting PropertySource systemEnvironment [org.springframework.boot.env.SystemEnvironmentPropertySourceEnvironmentPostProcessor$OriginAwareSystemEnvironmentPropertySource] to EncryptableSystemEnvironmentPropertySourceWrapper
""2022-08-17 16:38:50 - Converting PropertySource random [org.springframework.boot.env.RandomValuePropertySource] to EncryptablePropertySourceWrapper
""2022-08-17 16:38:50 - Converting PropertySource Config resource 'class path resource [application.properties]' via location 'optional:classpath:/' [org.springframework.boot.env.OriginTrackedMapPropertySource] to EncryptableMapPropertySourceWrapper
""2022-08-17 16:38:50 - Converting PropertySource devtools [org.springframework.core.env.MapPropertySource] to EncryptableMapPropertySourceWrapper
""2022-08-17 16:38:50 - Converting PropertySource URL [file:C:/Users/krishna/rawb-appconfig/config.csc_admin/params.properties] [org.springframework.core.env.CompositePropertySource] to EncryptableEnumerablePropertySourceWrapper
""2022-08-17 16:38:50 - Property Filter custom Bean not found with name 'encryptablePropertyFilter'. Initializing Default Property Filter
""2022-08-17 16:38:50 - Property Resolver custom Bean not found with name 'encryptablePropertyResolver'. Initializing Default Property Resolver
""2022-08-17 16:38:50 - Property Detector custom Bean not found with name 'encryptablePropertyDetector'. Initializing Default Property Detector
""2022-08-17 16:38:50 - Tomcat initialized with port(s): 8081 (http)
""2022-08-17 16:38:50 - Starting service [Tomcat]
""2022-08-17 16:38:50 - Starting Servlet engine: [Apache Tomcat/9.0.63]
""2022-08-17 16:38:50 - At least one JAR was scanned for TLDs yet contained no TLDs. Enable debug logging for this logger for a complete list of JARs that were scanned but no TLDs were found in them. Skipping unneeded JARs during scanning can improve startup time and JSP compilation time.
""2022-08-17 16:38:50 - Initializing Spring embedded WebApplicationContext
""2022-08-17 16:38:50 - Root WebApplicationContext: initialization completed in 1571 ms
""2022-08-17 16:38:51 - HHH000204: Processing PersistenceUnitInfo [name: default]
""2022-08-17 16:38:51 - HHH000412: Hibernate ORM core version 5.6.9.Final
""2022-08-17 16:38:51 - HCANN000001: Hibernate Commons Annotations {5.1.2.Final}
""2022-08-17 16:38:51 - HikariPool-1 - Starting...
""2022-08-17 16:38:51 - HikariPool-1 - Start completed.
""2022-08-17 16:38:51 - HHH000400: Using dialect: org.hibernate.dialect.Oracle12cDialect
""2022-08-17 16:38:52 - HHH000490: Using JtaPlatform implementation: [org.hibernate.engine.transaction.jta.platform.internal.NoJtaPlatform]
""2022-08-17 16:38:52 - Initialized JPA EntityManagerFactory for persistence unit 'default'
""2022-08-17 16:38:52 - String Encryptor custom Bean not found with name 'jasyptStringEncryptor'. Initializing Default String Encryptor
""2022-08-17 16:38:52 - Encryptor config not found for property jasypt.encryptor.algorithm, using default value: PBEWITHHMACSHA512ANDAES_256
""2022-08-17 16:38:52 - Encryptor config not found for property jasypt.encryptor.key-obtention-iterations, using default value: 1000
""2022-08-17 16:38:52 - Encryptor config not found for property jasypt.encryptor.pool-size, using default value: 1
""2022-08-17 16:38:52 - Encryptor config not found for property jasypt.encryptor.provider-name, using default value: null
""2022-08-17 16:38:52 - Encryptor config not found for property jasypt.encryptor.provider-class-name, using default value: null
""2022-08-17 16:38:52 - Encryptor config not found for property jasypt.encryptor.salt-generator-classname, using default value: org.jasypt.salt.RandomSaltGenerator
""2022-08-17 16:38:52 - Encryptor config not found for property jasypt.encryptor.iv-generator-classname, using default value: org.jasypt.iv.RandomIvGenerator
""2022-08-17 16:38:52 - Encryptor config not found for property jasypt.encryptor.string-output-type, using default value: base64
""2022-08-17 16:38:52 - HHH000204: Processing PersistenceUnitInfo [name: default]
""2022-08-17 16:38:52 - HikariPool-2 - Starting...
""2022-08-17 16:38:52 - Registered driver with driverClassName=oracle.jdbc.driver.OracleDriver was not found, trying direct instantiation.
""2022-08-17 16:38:53 - HikariPool-2 - Start completed.
""2022-08-17 16:38:53 - HHH000400: Using dialect: org.hibernate.dialect.Oracle12cDialect
""2022-08-17 16:38:53 - HHH000490: Using JtaPlatform implementation: [org.hibernate.engine.transaction.jta.platform.internal.NoJtaPlatform]
""2022-08-17 16:38:53 - Initialized JPA EntityManagerFactory for persistence unit 'default'
""2022-08-17 16:38:53 -  Initialization...
""2022-08-17 16:38:53 - spring.jpa.open-in-view is enabled by default. Therefore, database queries may be performed during view rendering. Explicitly configure spring.jpa.open-in-view to disable this warning
""2022-08-17 16:38:54 - Will secure any request with [org.springframework.security.web.context.request.async.WebAsyncManagerIntegrationFilter@3c6a2387, org.springframework.security.web.context.SecurityContextPersistenceFilter@68dc3f3a, org.springframework.security.web.header.HeaderWriterFilter@7a26a39f, org.springframework.web.filter.CorsFilter@4120929a, org.springframework.security.web.authentication.logout.LogoutFilter@475c8ce, org.springframework.security.web.authentication.UsernamePasswordAuthenticationFilter@686fb62b, org.springframework.security.web.session.ConcurrentSessionFilter@431c3d19, org.springframework.security.web.savedrequest.RequestCacheAwareFilter@7abba9a3, org.springframework.security.web.servletapi.SecurityContextHolderAwareRequestFilter@1ed11a72, org.springframework.security.web.authentication.AnonymousAuthenticationFilter@67732b38, org.springframework.security.web.session.SessionManagementFilter@283f098c, org.springframework.security.web.access.ExceptionTranslationFilter@59d1ce11, org.springframework.security.web.access.intercept.FilterSecurityInterceptor@4ce45c17]
""2022-08-17 16:38:54 - LiveReload server is running on port 35729
""2022-08-17 16:38:54 - Tomcat started on port(s): 8081 (http) with context path '/adminPortal'
""2022-08-17 16:38:54 - Started RawAdminPortalApplication in 5.506 seconds (JVM running for 5.898)
""2022-08-17 16:38:54 - 
==========================================================================
             csc admin portal app
==========================================================================

""2022-08-17 16:39:33 - Starting RawAdminPortalApplication using Java 1.8.0_202 on KNATRINV053 with PID 27128 (C:\Users\krishna\git\adminPortal\target\classes started by krishna in C:\Users\krishna\git\adminPortal)
""2022-08-17 16:39:33 - The following 1 profile is active: "@spring.profiles.active@"
""2022-08-17 16:39:33 - The Class-Path manifest attribute in C:\Users\krishna\.m2\repository\com\oracle\database\jdbc\ojdbc8\21.3.0.0\ojdbc8-21.3.0.0.jar referenced one or more files that do not exist: file:/C:/Users/krishna/.m2/repository/com/oracle/database/jdbc/ojdbc8/21.3.0.0/oraclepki.jar
""2022-08-17 16:39:33 - Devtools property defaults active! Set 'spring.devtools.add-properties' to 'false' to disable
""2022-08-17 16:39:34 - Bootstrapping Spring Data JPA repositories in DEFAULT mode.
""2022-08-17 16:39:34 - Finished Spring Data repository scanning in 31 ms. Found 3 JPA repository interfaces.
""2022-08-17 16:39:34 - Bootstrapping Spring Data JPA repositories in DEFAULT mode.
""2022-08-17 16:39:34 - Finished Spring Data repository scanning in 6 ms. Found 2 JPA repository interfaces.
""2022-08-17 16:39:34 - Post-processing PropertySource instances
""2022-08-17 16:39:34 - Converting PropertySource configurationProperties [org.springframework.boot.context.properties.source.ConfigurationPropertySourcesPropertySource] to AOP Proxy
""2022-08-17 16:39:34 - Converting PropertySource servletConfigInitParams [org.springframework.core.env.PropertySource$StubPropertySource] to EncryptablePropertySourceWrapper
""2022-08-17 16:39:34 - Converting PropertySource servletContextInitParams [org.springframework.core.env.PropertySource$StubPropertySource] to EncryptablePropertySourceWrapper
""2022-08-17 16:39:34 - Converting PropertySource systemProperties [org.springframework.core.env.PropertiesPropertySource] to EncryptableMapPropertySourceWrapper
""2022-08-17 16:39:34 - Converting PropertySource systemEnvironment [org.springframework.boot.env.SystemEnvironmentPropertySourceEnvironmentPostProcessor$OriginAwareSystemEnvironmentPropertySource] to EncryptableSystemEnvironmentPropertySourceWrapper
""2022-08-17 16:39:34 - Converting PropertySource random [org.springframework.boot.env.RandomValuePropertySource] to EncryptablePropertySourceWrapper
""2022-08-17 16:39:34 - Converting PropertySource Config resource 'class path resource [application.properties]' via location 'optional:classpath:/' [org.springframework.boot.env.OriginTrackedMapPropertySource] to EncryptableMapPropertySourceWrapper
""2022-08-17 16:39:34 - Converting PropertySource devtools [org.springframework.core.env.MapPropertySource] to EncryptableMapPropertySourceWrapper
""2022-08-17 16:39:34 - Converting PropertySource URL [file:C:/Users/krishna/rawb-appconfig/config.csc_admin/params.properties] [org.springframework.core.env.CompositePropertySource] to EncryptableEnumerablePropertySourceWrapper
""2022-08-17 16:39:34 - Property Filter custom Bean not found with name 'encryptablePropertyFilter'. Initializing Default Property Filter
""2022-08-17 16:39:34 - Property Resolver custom Bean not found with name 'encryptablePropertyResolver'. Initializing Default Property Resolver
""2022-08-17 16:39:34 - Property Detector custom Bean not found with name 'encryptablePropertyDetector'. Initializing Default Property Detector
""2022-08-17 16:39:35 - Tomcat initialized with port(s): 8081 (http)
""2022-08-17 16:39:35 - Starting service [Tomcat]
""2022-08-17 16:39:35 - Starting Servlet engine: [Apache Tomcat/9.0.63]
""2022-08-17 16:39:35 - At least one JAR was scanned for TLDs yet contained no TLDs. Enable debug logging for this logger for a complete list of JARs that were scanned but no TLDs were found in them. Skipping unneeded JARs during scanning can improve startup time and JSP compilation time.
""2022-08-17 16:39:35 - Initializing Spring embedded WebApplicationContext
""2022-08-17 16:39:35 - Root WebApplicationContext: initialization completed in 1617 ms
""2022-08-17 16:39:35 - HHH000204: Processing PersistenceUnitInfo [name: default]
""2022-08-17 16:39:35 - HHH000412: Hibernate ORM core version 5.6.9.Final
""2022-08-17 16:39:36 - HCANN000001: Hibernate Commons Annotations {5.1.2.Final}
""2022-08-17 16:39:36 - HikariPool-1 - Starting...
""2022-08-17 16:39:36 - HikariPool-1 - Start completed.
""2022-08-17 16:39:36 - HHH000400: Using dialect: org.hibernate.dialect.Oracle12cDialect
""2022-08-17 16:39:37 - HHH000490: Using JtaPlatform implementation: [org.hibernate.engine.transaction.jta.platform.internal.NoJtaPlatform]
""2022-08-17 16:39:37 - Initialized JPA EntityManagerFactory for persistence unit 'default'
""2022-08-17 16:39:37 - String Encryptor custom Bean not found with name 'jasyptStringEncryptor'. Initializing Default String Encryptor
""2022-08-17 16:39:37 - Encryptor config not found for property jasypt.encryptor.algorithm, using default value: PBEWITHHMACSHA512ANDAES_256
""2022-08-17 16:39:37 - Encryptor config not found for property jasypt.encryptor.key-obtention-iterations, using default value: 1000
""2022-08-17 16:39:37 - Encryptor config not found for property jasypt.encryptor.pool-size, using default value: 1
""2022-08-17 16:39:37 - Encryptor config not found for property jasypt.encryptor.provider-name, using default value: null
""2022-08-17 16:39:37 - Encryptor config not found for property jasypt.encryptor.provider-class-name, using default value: null
""2022-08-17 16:39:37 - Encryptor config not found for property jasypt.encryptor.salt-generator-classname, using default value: org.jasypt.salt.RandomSaltGenerator
""2022-08-17 16:39:37 - Encryptor config not found for property jasypt.encryptor.iv-generator-classname, using default value: org.jasypt.iv.RandomIvGenerator
""2022-08-17 16:39:37 - Encryptor config not found for property jasypt.encryptor.string-output-type, using default value: base64
""2022-08-17 16:39:37 - HHH000204: Processing PersistenceUnitInfo [name: default]
""2022-08-17 16:39:37 - HikariPool-2 - Starting...
""2022-08-17 16:39:37 - Registered driver with driverClassName=oracle.jdbc.driver.OracleDriver was not found, trying direct instantiation.
""2022-08-17 16:39:37 - HikariPool-2 - Start completed.
""2022-08-17 16:39:37 - HHH000400: Using dialect: org.hibernate.dialect.Oracle12cDialect
""2022-08-17 16:39:37 - HHH000490: Using JtaPlatform implementation: [org.hibernate.engine.transaction.jta.platform.internal.NoJtaPlatform]
""2022-08-17 16:39:37 - Initialized JPA EntityManagerFactory for persistence unit 'default'
""2022-08-17 16:39:37 -  Initialization...
""2022-08-17 16:39:37 - spring.jpa.open-in-view is enabled by default. Therefore, database queries may be performed during view rendering. Explicitly configure spring.jpa.open-in-view to disable this warning
""2022-08-17 16:39:38 - Will secure any request with [org.springframework.security.web.context.request.async.WebAsyncManagerIntegrationFilter@14a3eff2, org.springframework.security.web.context.SecurityContextPersistenceFilter@7eb71019, org.springframework.security.web.header.HeaderWriterFilter@2f712f8f, org.springframework.web.filter.CorsFilter@26b4c994, org.springframework.security.web.authentication.logout.LogoutFilter@6c8859c9, org.springframework.security.web.authentication.UsernamePasswordAuthenticationFilter@1801d3ba, org.springframework.security.web.session.ConcurrentSessionFilter@35db0c87, org.springframework.security.web.savedrequest.RequestCacheAwareFilter@70d62e0, org.springframework.security.web.servletapi.SecurityContextHolderAwareRequestFilter@52aca971, org.springframework.security.web.authentication.AnonymousAuthenticationFilter@15220f22, org.springframework.security.web.session.SessionManagementFilter@1a04a836, org.springframework.security.web.access.ExceptionTranslationFilter@76156bc8, org.springframework.security.web.access.intercept.FilterSecurityInterceptor@6dc387a9]
""2022-08-17 16:39:38 - LiveReload server is running on port 35729
""2022-08-17 16:39:39 - Tomcat started on port(s): 8081 (http) with context path '/adminPortal'
""2022-08-17 16:39:39 - Started RawAdminPortalApplication in 5.355 seconds (JVM running for 5.742)
""2022-08-17 16:39:39 - 
==========================================================================
             csc admin portal app
==========================================================================

""2022-08-17 16:40:27 - Closing JPA EntityManagerFactory for persistence unit 'default'
""2022-08-17 16:40:27 - HikariPool-2 - Shutdown initiated...
""2022-08-17 16:40:27 - HikariPool-2 - Shutdown completed.
""2022-08-17 16:40:27 - Closing JPA EntityManagerFactory for persistence unit 'default'
""2022-08-17 16:40:27 - HikariPool-1 - Shutdown initiated...
""2022-08-17 16:40:27 - HikariPool-1 - Shutdown completed.
"